#
# A fatal error has been detected by the Java Runtime Environment:
#
#  SIGSEGV (0xb) at pc=0x000000012cd946f1, pid=10145, tid=0x0000000000008b07
#
# JRE version: Java(TM) SE Runtime Environment (8.0_221-b11) (build 1.8.0_221-b11)
# Java VM: Java HotSpot(TM) 64-Bit Server VM (25.221-b11 mixed mode bsd-amd64 compressed oops)
# Problematic frame:
# C  [libavcodec.58.dylib+0xfda6f1]  aver_isf_history+0x2c5d01
#
# Failed to write core dump. Core dumps have been disabled. To enable core dumping, try "ulimit -c unlimited" before starting Java again
#
# If you would like to submit a bug report, please visit:
#   http://bugreport.java.com/bugreport/crash.jsp
# The crash happened outside the Java Virtual Machine in native code.
# See problematic frame for where to report the bug.
#

---------------  T H R E A D  ---------------

Current thread (0x00007ffc08037000):  JavaThread "pool-2-thread-1" [_thread_in_native, id=35591, stack(0x0000700003fc1000,0x00007000040c1000)]

siginfo: si_signo: 11 (SIGSEGV), si_code: 0 (unknown), si_addr: 0x0000000000000000

Registers:
RAX=0x0000000000000003, RBX=0x00007000040be030, RCX=0x000000000000000f, RDX=0x0000000000000140
RSP=0x00007000040bdd28, RBP=0x00007ffc0c23f040, RSI=0x00007ffc0a5c39c0, RDI=0x00007000040be030
R8 =0x0000000000000047, R9 =0x000000000039ad20, R10=0x0000000000000047, R11=0x0000000000000001
R12=0x00007ffc0c23f040, R13=0x00007ffc0c244bc0, R14=0x0000000000000000, R15=0x00007ffc0c245800
RIP=0x000000012cd946f1, EFLAGS=0x0000000000010217, ERR=0x0000000000000000
  TRAPNO=0x000000000000000d

Top of Stack: (sp=0x00007000040bdd28)
0x00007000040bdd28:   000000012cc816ee 4372656c00000030
0x00007000040bdd38:   572474780000000f 6b73615465746972
0x00007000040bdd48:   00000006c0003124 00007000040bdd90
0x00007000040bdd58:   000000010f54b584 00000006c01e0e38
0x00007000040bdd68:   000000076e4a65d8 00000006c01e0e38
0x00007000040bdd78:   00000006c01e0e58 00007ffc0c23f040
0x00007000040bdd88:   0000000000000017 3219a4b700000009
0x00007000040bdd98:   000000076e4a67e8 0000000000000000
0x00007000040bdda8:   00007ffc0c245800 000000076e4a6658
0x00007000040bddb8:   00007ffc08037000 0000700000000000
0x00007000040bddc8:   000000011043038b 00007000040bde08
0x00007000040bddd8:   00007000040bde30 00000006c000a248
0x00007000040bdde8:   00007fff6adc9c75 00007000040bde78
0x00007000040bddf8:   00007fff915b12dc 0000000000000000
0x00007000040bde08:   0000000000384000 0000000003000001
0x00007000040bde18:   0000000000000100 00007000040bdeb0
0x00007000040bde28:   00007fff6ae49f43 0000000000000000
0x00007000040bde38:   0000000000000000 0000000000000000
0x00007000040bde48:   0000000000000000 0000000000000000
0x00007000040bde58:   0000000000000000 0000000000000000
0x00007000040bde68:   0000000000000000 0000000000000000
0x00007000040bde78:   0000000000000000 0000000000000000
0x00007000040bde88:   0000000000000000 0000000000000000
0x00007000040bde98:   0000000000000000 0000000000000000
0x00007000040bdea8:   0000000000000000 0000000000000000
0x00007000040bdeb8:   0000000000000000 0000000000000000
0x00007000040bdec8:   0000000000000000 0000000000000000
0x00007000040bded8:   0000000000000000 0000000000000000
0x00007000040bdee8:   0000000000000000 0000000000000000
0x00007000040bdef8:   0000000000000000 0000000000000000
0x00007000040bdf08:   0000000000000000 0000000000000000
0x00007000040bdf18:   0000000000000000 0000000000000000 

Instructions: (pc=0x000000012cd946f1)
0x000000012cd946d1:   f7 d8 c4 e2 7d 79 16 c5 fd 6f 2d 80 e4 51 01 c5
0x000000012cd946e1:   f9 6e d8 c5 d5 f2 e3 c5 dd 72 d4 01 c5 ed 61 d4
0x000000012cd946f1:   c5 fd 6f 07 c5 fd 69 cd c5 fd 61 c5 c5 fd f5 c2
0x000000012cd94701:   c5 f5 f5 ca c5 fd e2 c3 c5 f5 e2 cb c5 fd 6b c1 

Register to memory mapping:

RAX=0x0000000000000003 is an unknown value
RBX=0x00007000040be030 is pointing into the stack for thread: 0x00007ffc08037000
RCX=0x000000000000000f is an unknown value
RDX=0x0000000000000140 is an unknown value
RSP=0x00007000040bdd28 is pointing into the stack for thread: 0x00007ffc08037000
RBP=0x00007ffc0c23f040 is an unknown value
RSI=0x00007ffc0a5c39c0 is an unknown value
RDI=0x00007000040be030 is pointing into the stack for thread: 0x00007ffc08037000
R8 =0x0000000000000047 is an unknown value
R9 =0x000000000039ad20 is an unknown value
R10=0x0000000000000047 is an unknown value
R11=0x0000000000000001 is an unknown value
R12=0x00007ffc0c23f040 is an unknown value
R13=0x00007ffc0c244bc0 is an unknown value
R14=0x0000000000000000 is an unknown value
R15=0x00007ffc0c245800 is an unknown value


Stack: [0x0000700003fc1000,0x00007000040c1000],  sp=0x00007000040bdd28,  free space=1011k
Native frames: (J=compiled Java code, j=interpreted, Vv=VM code, C=native code)
C  [libavcodec.58.dylib+0xfda6f1]  aver_isf_history+0x2c5d01

Java frames: (J=compiled Java code, j=interpreted, Vv=VM code)
j  org.bytedeco.ffmpeg.global.avcodec.avcodec_encode_video2(Lorg/bytedeco/ffmpeg/avcodec/AVCodecContext;Lorg/bytedeco/ffmpeg/avcodec/AVPacket;Lorg/bytedeco/ffmpeg/avutil/AVFrame;[I)I+0
j  org.bytedeco.javacv.FFmpegFrameRecorder.recordImage(IIIIII[Ljava/nio/Buffer;)Z+793
j  org.bytedeco.javacv.FFmpegFrameRecorder.record(Lorg/bytedeco/javacv/Frame;I)V+70
j  org.bytedeco.javacv.FFmpegFrameRecorder.record(Lorg/bytedeco/javacv/Frame;)V+26
j  com.zj.thread.MediaTransferFlvByJavacv.transferStream2Flv()V+358
j  com.zj.thread.MediaTransferFlvByJavacv.run()V+1
j  java.util.concurrent.ThreadPoolExecutor.runWorker(Ljava/util/concurrent/ThreadPoolExecutor$Worker;)V+95
j  java.util.concurrent.ThreadPoolExecutor$Worker.run()V+5
J 3669 C1 java.lang.Thread.run()V (17 bytes) @ 0x0000000110903214 [0x00000001109031c0+0x54]
v  ~StubRoutines::call_stub

---------------  P R O C E S S  ---------------

Java Threads: ( => current thread )
  0x00007ffc040bc000 JavaThread "Thread-246" [_thread_blocked, id=33543, stack(0x00007000044dc000,0x00007000045dc000)]
=>0x00007ffc08037000 JavaThread "pool-2-thread-1" [_thread_in_native, id=35591, stack(0x0000700003fc1000,0x00007000040c1000)]
  0x00007ffc069ac800 JavaThread "nioEventLoopGroup-3-1" [_thread_in_native, id=30655, stack(0x0000700003ebe000,0x0000700003fbe000)]
  0x00007ffc042aa800 JavaThread "RMI TCP Connection(6)-192.168.0.172" daemon [_thread_in_native, id=30219, stack(0x0000700003dbb000,0x0000700003ebb000)]
  0x00007ffc069c9800 JavaThread "RMI TCP Connection(7)-192.168.0.172" daemon [_thread_in_native, id=13411, stack(0x0000700003cb8000,0x0000700003db8000)]
  0x00007ffc07342800 JavaThread "nioEventLoopGroup-2-1" [_thread_in_native, id=29443, stack(0x0000700003bb5000,0x0000700003cb5000)]
  0x00007ffc06b47800 JavaThread "http-nio-8888-Acceptor" daemon [_thread_in_native, id=36355, stack(0x0000700003ab2000,0x0000700003bb2000)]
  0x00007ffc07340000 JavaThread "http-nio-8888-ClientPoller" daemon [_thread_in_native, id=36867, stack(0x00007000039af000,0x0000700003aaf000)]
  0x00007ffc0816c000 JavaThread "http-nio-8888-exec-10" daemon [_thread_blocked, id=37123, stack(0x00007000038ac000,0x00007000039ac000)]
  0x00007ffc0816b000 JavaThread "http-nio-8888-exec-9" daemon [_thread_blocked, id=28419, stack(0x00007000037a9000,0x00007000038a9000)]
  0x00007ffc06b47000 JavaThread "http-nio-8888-exec-8" daemon [_thread_blocked, id=28163, stack(0x00007000036a6000,0x00007000037a6000)]
  0x00007ffc06b46000 JavaThread "http-nio-8888-exec-7" daemon [_thread_blocked, id=27651, stack(0x00007000035a3000,0x00007000036a3000)]
  0x00007ffc06b45800 JavaThread "http-nio-8888-exec-6" daemon [_thread_blocked, id=37635, stack(0x00007000034a0000,0x00007000035a0000)]
  0x00007ffc07335800 JavaThread "http-nio-8888-exec-5" daemon [_thread_blocked, id=26883, stack(0x000070000339d000,0x000070000349d000)]
  0x00007ffc06b44800 JavaThread "http-nio-8888-exec-4" daemon [_thread_blocked, id=26627, stack(0x000070000329a000,0x000070000339a000)]
  0x00007ffc06046000 JavaThread "http-nio-8888-exec-3" daemon [_thread_blocked, id=38147, stack(0x0000700003197000,0x0000700003297000)]
  0x00007ffc06b11800 JavaThread "http-nio-8888-exec-2" daemon [_thread_blocked, id=38659, stack(0x0000700003094000,0x0000700003194000)]
  0x00007ffc0816a800 JavaThread "http-nio-8888-exec-1" daemon [_thread_blocked, id=38915, stack(0x0000700002f91000,0x0000700003091000)]
  0x00007ffc07a8f800 JavaThread "http-nio-8888-BlockPoller" daemon [_thread_in_native, id=25603, stack(0x0000700002e8e000,0x0000700002f8e000)]
  0x00007ffc069c2800 JavaThread "Live Reload Server" daemon [_thread_in_native, id=39435, stack(0x0000700002d8b000,0x0000700002e8b000)]
  0x00007ffc06b0e800 JavaThread "JavaCPP Deallocator" daemon [_thread_blocked, id=25091, stack(0x0000700002c88000,0x0000700002d88000)]
  0x00007ffc079a3800 JavaThread "clear cache thread" [_thread_blocked, id=39939, stack(0x0000700002b85000,0x0000700002c85000)]
  0x00007ffc08132000 JavaThread "clear cache thread" [_thread_blocked, id=40195, stack(0x0000700002a82000,0x0000700002b82000)]
  0x00007ffc07a72800 JavaThread "container-0" [_thread_blocked, id=24579, stack(0x000070000297f000,0x0000700002a7f000)]
  0x00007ffc06b04800 JavaThread "Catalina-utility-2" [_thread_blocked, id=40711, stack(0x000070000287c000,0x000070000297c000)]
  0x00007ffc071b9000 JavaThread "Catalina-utility-1" [_thread_blocked, id=24147, stack(0x0000700002779000,0x0000700002879000)]
  0x00007ffc05102800 JavaThread "RMI Scheduler(0)" daemon [_thread_blocked, id=23811, stack(0x0000700002676000,0x0000700002776000)]
  0x00007ffc0427c000 JavaThread "RMI TCP Connection(idle)" daemon [_thread_blocked, id=23555, stack(0x0000700002573000,0x0000700002673000)]
  0x00007ffc0795e800 JavaThread "Attach Listener" daemon [_thread_blocked, id=23303, stack(0x0000700002470000,0x0000700002570000)]
  0x00007ffc070b6000 JavaThread "restartedMain" [_thread_blocked, id=22787, stack(0x000070000236d000,0x000070000246d000)]
  0x00007ffc078f0800 JavaThread "Thread-1" [_thread_blocked, id=41987, stack(0x000070000226a000,0x000070000236a000)]
  0x00007ffc0423e800 JavaThread "RMI TCP Accept-0" daemon [_thread_in_native, id=42755, stack(0x0000700002064000,0x0000700002164000)]
  0x00007ffc04038000 JavaThread "Service Thread" daemon [_thread_blocked, id=43011, stack(0x0000700001f61000,0x0000700002061000)]
  0x00007ffc05817800 JavaThread "C1 CompilerThread3" daemon [_thread_blocked, id=21763, stack(0x0000700001e5e000,0x0000700001f5e000)]
  0x00007ffc0706f000 JavaThread "C2 CompilerThread2" daemon [_thread_blocked, id=16643, stack(0x0000700001d5b000,0x0000700001e5b000)]
  0x00007ffc05811000 JavaThread "C2 CompilerThread1" daemon [_thread_blocked, id=16131, stack(0x0000700001c58000,0x0000700001d58000)]
  0x00007ffc07019800 JavaThread "C2 CompilerThread0" daemon [_thread_blocked, id=17155, stack(0x0000700001b55000,0x0000700001c55000)]
  0x00007ffc05012800 JavaThread "JDWP Command Reader" daemon [_thread_in_native, id=15363, stack(0x0000700001a52000,0x0000700001b52000)]
  0x00007ffc04037800 JavaThread "JDWP Event Helper Thread" daemon [_thread_blocked, id=17411, stack(0x000070000194f000,0x0000700001a4f000)]
  0x00007ffc06827800 JavaThread "JDWP Transport Listener: dt_socket" daemon [_thread_blocked, id=17927, stack(0x000070000184c000,0x000070000194c000)]
  0x00007ffc0781b000 JavaThread "Signal Dispatcher" daemon [_thread_blocked, id=14595, stack(0x0000700001749000,0x0000700001849000)]
  0x00007ffc05012000 JavaThread "Finalizer" daemon [_thread_blocked, id=19715, stack(0x0000700001540000,0x0000700001640000)]
  0x00007ffc0500f000 JavaThread "Reference Handler" daemon [_thread_blocked, id=20227, stack(0x000070000143d000,0x000070000153d000)]
  0x00007ffc04009000 JavaThread "main" [_thread_blocked, id=3331, stack(0x0000700000a1f000,0x0000700000b1f000)]

Other Threads:
  0x00007ffc07816800 VMThread [stack: 0x000070000133a000,0x000070000143a000] [id=20739]
  0x00007ffc068c2000 WatcherThread [stack: 0x0000700002167000,0x0000700002267000] [id=42243]

VM state:not at safepoint (normal execution)

VM Mutex/Monitor currently owned by a thread: None

heap address: 0x00000006c0000000, size: 4096 MB, Compressed Oops mode: Zero based, Oop shift amount: 3
Narrow klass base: 0x0000000000000000, Narrow klass shift: 3
Compressed class space size: 1073741824 Address: 0x00000007c0000000

Heap:
 PSYoungGen      total 152576K, used 59224K [0x000000076ab00000, 0x0000000777380000, 0x00000007c0000000)
  eden space 141824K, 41% used [0x000000076ab00000,0x000000076e4d6330,0x0000000773580000)
  from space 10752K, 0% used [0x0000000774280000,0x0000000774280000,0x0000000774d00000)
  to   space 13312K, 0% used [0x0000000773580000,0x0000000773580000,0x0000000774280000)
 ParOldGen       total 163840K, used 17327K [0x00000006c0000000, 0x00000006ca000000, 0x000000076ab00000)
  object space 163840K, 10% used [0x00000006c0000000,0x00000006c10ebd10,0x00000006ca000000)
 Metaspace       used 36569K, capacity 38534K, committed 38696K, reserved 1083392K
  class space    used 4719K, capacity 5100K, committed 5168K, reserved 1048576K

Card table byte_map: [0x000000011f1b9000,0x000000011f9ba000] byte_map_base: 0x000000011bbb9000

Marking Bits: (ParMarkBitMap*) 0x000000010fafbe40
 Begin Bits: [0x000000011f9ba000, 0x00000001239ba000)
 End Bits:   [0x00000001239ba000, 0x00000001279ba000)

Polling page: 0x000000010d3e8000

CodeCache: size=245760Kb used=7551Kb max_used=7551Kb free=238208Kb
 bounds [0x00000001101b9000, 0x0000000110929000, 0x000000011f1b9000]
 total_blobs=4159 nmethods=3664 adapters=415
 compilation: enabled

Compilation events (10 events):
Event: 64.662 Thread 0x00007ffc05817800 3718       1       java.lang.Long::toUnsignedString0 (49 bytes)
Event: 64.662 Thread 0x00007ffc05817800 nmethod 3718 0x0000000110918f10 code [0x0000000110919080, 0x0000000110919318]
Event: 64.662 Thread 0x00007ffc05817800 3719       1       java.lang.Long::numberOfLeadingZeros (94 bytes)
Event: 64.662 Thread 0x00007ffc05817800 nmethod 3719 0x0000000110919450 code [0x00000001109195a0, 0x0000000110919730]
Event: 64.668 Thread 0x00007ffc05817800 3721       1       io.netty.util.internal.StringUtil::byteToHexStringPadded (10 bytes)
Event: 64.668 Thread 0x00007ffc05817800 nmethod 3721 0x0000000110919790 code [0x00000001109198e0, 0x0000000110919a10]
Event: 64.702 Thread 0x00007ffc05817800 3722   !   1       sun.nio.ch.SocketChannelImpl::isConnected (28 bytes)
Event: 64.702 Thread 0x00007ffc05817800 nmethod 3722 0x0000000110919ad0 code [0x0000000110919c40, 0x0000000110919f10]
Event: 64.702 Thread 0x00007ffc05817800 3723       1       io.netty.channel.AbstractChannelHandlerContext::channel (8 bytes)
Event: 64.702 Thread 0x00007ffc05817800 nmethod 3723 0x0000000110919fd0 code [0x000000011091a120, 0x000000011091a230]

GC Heap History (10 events):
Event: 2.263 GC heap before
{Heap before GC invocations=4 (full 1):
 PSYoungGen      total 76288K, used 7539K [0x000000076ab00000, 0x0000000774000000, 0x00000007c0000000)
  eden space 65536K, 0% used [0x000000076ab00000,0x000000076ab00000,0x000000076eb00000)
  from space 10752K, 70% used [0x000000076eb00000,0x000000076f25cd58,0x000000076f580000)
  to   space 10752K, 0% used [0x0000000773580000,0x0000000773580000,0x0000000774000000)
 ParOldGen       total 175104K, used 58K [0x00000006c0000000, 0x00000006cab00000, 0x000000076ab00000)
  object space 175104K, 0% used [0x00000006c0000000,0x00000006c000e808,0x00000006cab00000)
 Metaspace       used 20316K, capacity 21238K, committed 21296K, reserved 1067008K
  class space    used 2625K, capacity 2850K, committed 2864K, reserved 1048576K
Event: 2.294 GC heap after
Heap after GC invocations=4 (full 1):
 PSYoungGen      total 76288K, used 0K [0x000000076ab00000, 0x0000000774000000, 0x00000007c0000000)
  eden space 65536K, 0% used [0x000000076ab00000,0x000000076ab00000,0x000000076eb00000)
  from space 10752K, 0% used [0x000000076eb00000,0x000000076eb00000,0x000000076f580000)
  to   space 10752K, 0% used [0x0000000773580000,0x0000000773580000,0x0000000774000000)
 ParOldGen       total 106496K, used 7318K [0x00000006c0000000, 0x00000006c6800000, 0x000000076ab00000)
  object space 106496K, 6% used [0x00000006c0000000,0x00000006c0725868,0x00000006c6800000)
 Metaspace       used 20314K, capacity 21232K, committed 21296K, reserved 1067008K
  class space    used 2624K, capacity 2849K, committed 2864K, reserved 1048576K
}
Event: 2.746 GC heap before
{Heap before GC invocations=5 (full 1):
 PSYoungGen      total 76288K, used 65536K [0x000000076ab00000, 0x0000000774000000, 0x00000007c0000000)
  eden space 65536K, 100% used [0x000000076ab00000,0x000000076eb00000,0x000000076eb00000)
  from space 10752K, 0% used [0x000000076eb00000,0x000000076eb00000,0x000000076f580000)
  to   space 10752K, 0% used [0x0000000773580000,0x0000000773580000,0x0000000774000000)
 ParOldGen       total 106496K, used 7318K [0x00000006c0000000, 0x00000006c6800000, 0x000000076ab00000)
  object space 106496K, 6% used [0x00000006c0000000,0x00000006c0725868,0x00000006c6800000)
 Metaspace       used 24666K, capacity 26156K, committed 26288K, reserved 1073152K
  class space    used 3210K, capacity 3498K, committed 3504K, reserved 1048576K
Event: 2.752 GC heap after
Heap after GC invocations=5 (full 1):
 PSYoungGen      total 104448K, used 6473K [0x000000076ab00000, 0x0000000773c00000, 0x00000007c0000000)
  eden space 97792K, 0% used [0x000000076ab00000,0x000000076ab00000,0x0000000770a80000)
  from space 6656K, 97% used [0x0000000773580000,0x0000000773bd2710,0x0000000773c00000)
  to   space 10752K, 0% used [0x0000000772700000,0x0000000772700000,0x0000000773180000)
 ParOldGen       total 106496K, used 7326K [0x00000006c0000000, 0x00000006c6800000, 0x000000076ab00000)
  object space 106496K, 6% used [0x00000006c0000000,0x00000006c0727868,0x00000006c6800000)
 Metaspace       used 24666K, capacity 26156K, committed 26288K, reserved 1073152K
  class space    used 3210K, capacity 3498K, committed 3504K, reserved 1048576K
}
Event: 3.444 GC heap before
{Heap before GC invocations=6 (full 1):
 PSYoungGen      total 104448K, used 104265K [0x000000076ab00000, 0x0000000773c00000, 0x00000007c0000000)
  eden space 97792K, 100% used [0x000000076ab00000,0x0000000770a80000,0x0000000770a80000)
  from space 6656K, 97% used [0x0000000773580000,0x0000000773bd2710,0x0000000773c00000)
  to   space 10752K, 0% used [0x0000000772700000,0x0000000772700000,0x0000000773180000)
 ParOldGen       total 106496K, used 7326K [0x00000006c0000000, 0x00000006c6800000, 0x000000076ab00000)
  object space 106496K, 6% used [0x00000006c0000000,0x00000006c0727868,0x00000006c6800000)
 Metaspace       used 29766K, capacity 31622K, committed 31792K, reserved 1077248K
  class space    used 3923K, capacity 4305K, committed 4400K, reserved 1048576K
Event: 3.451 GC heap after
Heap after GC invocations=6 (full 1):
 PSYoungGen      total 137728K, used 9086K [0x000000076ab00000, 0x0000000774d00000, 0x00000007c0000000)
  eden space 126976K, 0% used [0x000000076ab00000,0x000000076ab00000,0x0000000772700000)
  from space 10752K, 84% used [0x0000000772700000,0x0000000772fdfaf0,0x0000000773180000)
  to   space 10752K, 0% used [0x0000000774280000,0x0000000774280000,0x0000000774d00000)
 ParOldGen       total 106496K, used 7334K [0x00000006c0000000, 0x00000006c6800000, 0x000000076ab00000)
  object space 106496K, 6% used [0x00000006c0000000,0x00000006c0729868,0x00000006c6800000)
 Metaspace       used 29766K, capacity 31622K, committed 31792K, reserved 1077248K
  class space    used 3923K, capacity 4305K, committed 4400K, reserved 1048576K
}
Event: 32.667 GC heap before
{Heap before GC invocations=7 (full 1):
 PSYoungGen      total 137728K, used 93648K [0x000000076ab00000, 0x0000000774d00000, 0x00000007c0000000)
  eden space 126976K, 66% used [0x000000076ab00000,0x000000076fd946d0,0x0000000772700000)
  from space 10752K, 84% used [0x0000000772700000,0x0000000772fdfaf0,0x0000000773180000)
  to   space 10752K, 0% used [0x0000000774280000,0x0000000774280000,0x0000000774d00000)
 ParOldGen       total 106496K, used 7334K [0x00000006c0000000, 0x00000006c6800000, 0x000000076ab00000)
  object space 106496K, 6% used [0x00000006c0000000,0x00000006c0729868,0x00000006c6800000)
 Metaspace       used 33500K, capacity 35482K, committed 35496K, reserved 1079296K
  class space    used 4392K, capacity 4772K, committed 4784K, reserved 1048576K
Event: 32.677 GC heap after
Heap after GC invocations=7 (full 1):
 PSYoungGen      total 152576K, used 10743K [0x000000076ab00000, 0x0000000777380000, 0x00000007c0000000)
  eden space 141824K, 0% used [0x000000076ab00000,0x000000076ab00000,0x0000000773580000)
  from space 10752K, 99% used [0x0000000774280000,0x0000000774cfdc80,0x0000000774d00000)
  to   space 13312K, 0% used [0x0000000773580000,0x0000000773580000,0x0000000774280000)
 ParOldGen       total 106496K, used 9784K [0x00000006c0000000, 0x00000006c6800000, 0x000000076ab00000)
  object space 106496K, 9% used [0x00000006c0000000,0x00000006c098e0d0,0x00000006c6800000)
 Metaspace       used 33500K, capacity 35482K, committed 35496K, reserved 1079296K
  class space    used 4392K, capacity 4772K, committed 4784K, reserved 1048576K
}
Event: 32.677 GC heap before
{Heap before GC invocations=8 (full 2):
 PSYoungGen      total 152576K, used 10743K [0x000000076ab00000, 0x0000000777380000, 0x00000007c0000000)
  eden space 141824K, 0% used [0x000000076ab00000,0x000000076ab00000,0x0000000773580000)
  from space 10752K, 99% used [0x0000000774280000,0x0000000774cfdc80,0x0000000774d00000)
  to   space 13312K, 0% used [0x0000000773580000,0x0000000773580000,0x0000000774280000)
 ParOldGen       total 106496K, used 9784K [0x00000006c0000000, 0x00000006c6800000, 0x000000076ab00000)
  object space 106496K, 9% used [0x00000006c0000000,0x00000006c098e0d0,0x00000006c6800000)
 Metaspace       used 33500K, capacity 35482K, committed 35496K, reserved 1079296K
  class space    used 4392K, capacity 4772K, committed 4784K, reserved 1048576K
Event: 32.747 GC heap after
Heap after GC invocations=8 (full 2):
 PSYoungGen      total 152576K, used 0K [0x000000076ab00000, 0x0000000777380000, 0x00000007c0000000)
  eden space 141824K, 0% used [0x000000076ab00000,0x000000076ab00000,0x0000000773580000)
  from space 10752K, 0% used [0x0000000774280000,0x0000000774280000,0x0000000774d00000)
  to   space 13312K, 0% used [0x0000000773580000,0x0000000773580000,0x0000000774280000)
 ParOldGen       total 163840K, used 17327K [0x00000006c0000000, 0x00000006ca000000, 0x000000076ab00000)
  object space 163840K, 10% used [0x00000006c0000000,0x00000006c10ebd10,0x00000006ca000000)
 Metaspace       used 33500K, capacity 35482K, committed 35496K, reserved 1079296K
  class space    used 4392K, capacity 4772K, committed 4784K, reserved 1048576K
}

Deoptimization events (0 events):
No events

Classes redefined (0 events):
No events

Internal exceptions (10 events):
Event: 43.668 Thread 0x00007ffc06b45800 Exception <a 'java/lang/ArrayIndexOutOfBoundsException'> (0x000000076b8901f8) thrown at [/Users/java_re/workspace/8-2-build-macosx-x86_64/jdk8u221/13320/hotspot/src/share/vm/runtime/sharedRuntime.cpp, line 605]
Event: 43.669 Thread 0x00007ffc06b45800 Exception <a 'java/lang/ClassNotFoundException': com/zj/dto/CameraCustomizer> (0x000000076b8a6b80) thrown at [/Users/java_re/workspace/8-2-build-macosx-x86_64/jdk8u221/13320/hotspot/src/share/vm/classfile/systemDictionary.cpp, line 210]
Event: 43.677 Thread 0x00007ffc06b45800 Exception <a 'java/lang/NoClassDefFoundError': org/bouncycastle/jce/provider/BouncyCastleProvider> (0x000000076b93ab48) thrown at [/Users/java_re/workspace/8-2-build-macosx-x86_64/jdk8u221/13320/hotspot/src/share/vm/classfile/systemDictionary.cpp, line 19
Event: 43.791 Thread 0x00007ffc06b45800 Exception <a 'java/lang/ArrayIndexOutOfBoundsException'> (0x000000076c714e18) thrown at [/Users/java_re/workspace/8-2-build-macosx-x86_64/jdk8u221/13320/hotspot/src/share/vm/runtime/sharedRuntime.cpp, line 605]
Event: 62.774 Thread 0x00007ffc069ac800 Exception <a 'java/lang/ArrayIndexOutOfBoundsException'> (0x000000076d6caab8) thrown at [/Users/java_re/workspace/8-2-build-macosx-x86_64/jdk8u221/13320/hotspot/src/share/vm/runtime/sharedRuntime.cpp, line 605]
Event: 62.774 Thread 0x00007ffc069ac800 Exception <a 'java/lang/ArrayIndexOutOfBoundsException'> (0x000000076d6cc0e0) thrown at [/Users/java_re/workspace/8-2-build-macosx-x86_64/jdk8u221/13320/hotspot/src/share/vm/runtime/sharedRuntime.cpp, line 605]
Event: 62.806 Thread 0x00007ffc069ac800 Exception <a 'java/lang/ArrayIndexOutOfBoundsException'> (0x000000076d9d5118) thrown at [/Users/java_re/workspace/8-2-build-macosx-x86_64/jdk8u221/13320/hotspot/src/share/vm/runtime/sharedRuntime.cpp, line 605]
Event: 62.806 Thread 0x00007ffc069ac800 Exception <a 'java/lang/ArrayIndexOutOfBoundsException'> (0x000000076d9d6fb8) thrown at [/Users/java_re/workspace/8-2-build-macosx-x86_64/jdk8u221/13320/hotspot/src/share/vm/runtime/sharedRuntime.cpp, line 605]
Event: 62.806 Thread 0x00007ffc069ac800 Exception <a 'java/lang/ArrayIndexOutOfBoundsException'> (0x000000076d9d9790) thrown at [/Users/java_re/workspace/8-2-build-macosx-x86_64/jdk8u221/13320/hotspot/src/share/vm/runtime/sharedRuntime.cpp, line 605]
Event: 62.853 Thread 0x00007ffc069ac800 Exception <a 'java/lang/ArrayIndexOutOfBoundsException'> (0x000000076df48238) thrown at [/Users/java_re/workspace/8-2-build-macosx-x86_64/jdk8u221/13320/hotspot/src/share/vm/runtime/sharedRuntime.cpp, line 605]

Events (10 events):
Event: 64.700 loading class io/netty/util/Recycler$WeakOrderQueue$Link
Event: 64.700 loading class io/netty/util/Recycler$WeakOrderQueue$Link done
Event: 64.700 Thread 0x00007ffc069ac800 DEOPT PACKING pc=0x00000001103c6411 sp=0x0000700003fbbfc0
Event: 64.700 Thread 0x00007ffc069ac800 DEOPT UNPACKING pc=0x0000000110200784 sp=0x0000700003fbbd30 mode 1
Event: 64.700 Thread 0x00007ffc069ac800 DEOPT PACKING pc=0x0000000110883284 sp=0x0000700003fbc040
Event: 64.700 Thread 0x00007ffc069ac800 DEOPT UNPACKING pc=0x0000000110200784 sp=0x0000700003fbbe80 mode 1
Event: 64.700 Thread 0x00007ffc069ac800 DEOPT PACKING pc=0x00000001108831cc sp=0x0000700003fbc1d0
Event: 64.700 Thread 0x00007ffc069ac800 DEOPT UNPACKING pc=0x0000000110200784 sp=0x0000700003fbc010 mode 1
Event: 64.701 Executing VM operation: Deoptimize
Event: 64.701 Executing VM operation: Deoptimize done


Dynamic libraries:
0x00007fff2ff03000 	/System/Library/Frameworks/Cocoa.framework/Versions/A/Cocoa
0x00007fff3d6eb000 	/System/Library/Frameworks/Security.framework/Versions/A/Security
0x00007fff2ee6a000 	/System/Library/Frameworks/ApplicationServices.framework/Versions/A/ApplicationServices
0x00007fff6a1aa000 	/usr/lib/libz.1.dylib
0x00007fff67c6e000 	/usr/lib/libSystem.B.dylib
0x00007fff69ace000 	/usr/lib/libobjc.A.dylib
0x00007fff30da3000 	/System/Library/Frameworks/CoreFoundation.framework/Versions/A/CoreFoundation
0x00007fff3345d000 	/System/Library/Frameworks/Foundation.framework/Versions/C/Foundation
0x00007fff2e05a000 	/System/Library/Frameworks/AppKit.framework/Versions/C/AppKit
0x00007fff30887000 	/System/Library/Frameworks/CoreData.framework/Versions/A/CoreData
0x00007fff61c89000 	/System/Library/PrivateFrameworks/UIFoundation.framework/Versions/A/UIFoundation
0x00007fff5cd2d000 	/System/Library/PrivateFrameworks/RemoteViewServices.framework/Versions/A/RemoteViewServices
0x00007fff647de000 	/System/Library/PrivateFrameworks/XCTTargetBootstrap.framework/Versions/A/XCTTargetBootstrap
0x00007fff30c72000 	/System/Library/Frameworks/CoreDisplay.framework/Versions/A/CoreDisplay
0x00007fff36318000 	/System/Library/Frameworks/Metal.framework/Versions/A/Metal
0x00007fff4ad4f000 	/System/Library/PrivateFrameworks/DesktopServicesPriv.framework/Versions/A/DesktopServicesPriv
0x00007fff68da9000 	/usr/lib/liblangid.dylib
0x00007fff49fe7000 	/System/Library/PrivateFrameworks/CoreSVG.framework/Versions/A/CoreSVG
0x00007fff5fe86000 	/System/Library/PrivateFrameworks/SkyLight.framework/Versions/A/SkyLight
0x00007fff31224000 	/System/Library/Frameworks/CoreGraphics.framework/Versions/A/CoreGraphics
0x00007fff2ca2e000 	/System/Library/Frameworks/Accelerate.framework/Versions/A/Accelerate
0x00007fff6a09b000 	/usr/lib/libxml2.2.dylib
0x00007fff55cc6000 	/System/Library/PrivateFrameworks/IconServices.framework/Versions/A/IconServices
0x00007fff33c3c000 	/System/Library/Frameworks/IOSurface.framework/Versions/A/IOSurface
0x00007fff67798000 	/usr/lib/libDiagnosticMessagesClient.dylib
0x00007fff4aba9000 	/System/Library/PrivateFrameworks/DFRFoundation.framework/Versions/A/DFRFoundation
0x00007fff68b38000 	/usr/lib/libicucore.A.dylib
0x00007fff2f19c000 	/System/Library/Frameworks/AudioToolbox.framework/Versions/A/AudioToolbox
0x00007fff2f27f000 	/System/Library/Frameworks/AudioUnit.framework/Versions/A/AudioUnit
0x00007fff67e70000 	/usr/lib/libauto.dylib
0x00007fff4ac4b000 	/System/Library/PrivateFrameworks/DataDetectorsCore.framework/Versions/A/DataDetectorsCore
0x00007fff2fa24000 	/System/Library/Frameworks/Carbon.framework/Versions/A/Frameworks/HIToolbox.framework/Versions/A/HIToolbox
0x00007fff3c8e8000 	/System/Library/Frameworks/QuartzCore.framework/Versions/A/QuartzCore
0x00007fff2fd63000 	/System/Library/Frameworks/Carbon.framework/Versions/A/Frameworks/SpeechRecognition.framework/Versions/A/SpeechRecognition
0x00007fff4a6c0000 	/System/Library/PrivateFrameworks/CoreUI.framework/Versions/A/CoreUI
0x00007fff302f2000 	/System/Library/Frameworks/CoreAudio.framework/Versions/A/CoreAudio
0x00007fff3311e000 	/System/Library/Frameworks/DiskArbitration.framework/Versions/A/DiskArbitration
0x00007fff57d14000 	/System/Library/PrivateFrameworks/MultitouchSupport.framework/Versions/A/MultitouchSupport
0x00007fff689ff000 	/usr/lib/libenergytrace.dylib
0x00007fff33b96000 	/System/Library/Frameworks/IOKit.framework/Versions/A/IOKit
0x00007fff3218a000 	/System/Library/Frameworks/CoreServices.framework/Versions/A/CoreServices
0x00007fff59ec3000 	/System/Library/PrivateFrameworks/PerformanceAnalysis.framework/Versions/A/PerformanceAnalysis
0x00007fff3b91b000 	/System/Library/Frameworks/OpenGL.framework/Versions/A/OpenGL
0x00007fff2ff11000 	/System/Library/Frameworks/ColorSync.framework/Versions/A/ColorSync
0x00007fff318a6000 	/System/Library/Frameworks/CoreImage.framework/Versions/A/CoreImage
0x00007fff32bfd000 	/System/Library/Frameworks/CoreText.framework/Versions/A/CoreText
0x00007fff33ccc000 	/System/Library/Frameworks/ImageIO.framework/Versions/A/ImageIO
0x00007fff67f54000 	/usr/lib/libc++.1.dylib
0x00007fff67fd0000 	/usr/lib/libcompression.dylib
0x00007fff67adc000 	/usr/lib/libMobileGestalt.dylib
0x00007fff619fe000 	/System/Library/PrivateFrameworks/TextureIO.framework/Versions/A/TextureIO
0x00007fff67dd3000 	/usr/lib/libate.dylib
0x00007fff55ecf000 	/System/Library/PrivateFrameworks/InternationalSupport.framework/Versions/A/InternationalSupport
0x00007fff6aa6a000 	/usr/lib/system/libcache.dylib
0x00007fff6aa70000 	/usr/lib/system/libcommonCrypto.dylib
0x00007fff6aa7c000 	/usr/lib/system/libcompiler_rt.dylib
0x00007fff6aa84000 	/usr/lib/system/libcopyfile.dylib
0x00007fff6aa8e000 	/usr/lib/system/libcorecrypto.dylib
0x00007fff6ac2d000 	/usr/lib/system/libdispatch.dylib
0x00007fff6ac6e000 	/usr/lib/system/libdyld.dylib
0x00007fff6aca5000 	/usr/lib/system/libkeymgr.dylib
0x00007fff6acb3000 	/usr/lib/system/liblaunch.dylib
0x00007fff6acb4000 	/usr/lib/system/libmacho.dylib
0x00007fff6acba000 	/usr/lib/system/libquarantine.dylib
0x00007fff6acbd000 	/usr/lib/system/libremovefile.dylib
0x00007fff6acbf000 	/usr/lib/system/libsystem_asl.dylib
0x00007fff6acd7000 	/usr/lib/system/libsystem_blocks.dylib
0x00007fff6acd8000 	/usr/lib/system/libsystem_c.dylib
0x00007fff6ad60000 	/usr/lib/system/libsystem_configuration.dylib
0x00007fff6ad64000 	/usr/lib/system/libsystem_coreservices.dylib
0x00007fff6ad68000 	/usr/lib/system/libsystem_darwin.dylib
0x00007fff6ad71000 	/usr/lib/system/libsystem_dnssd.dylib
0x00007fff6ad79000 	/usr/lib/system/libsystem_featureflags.dylib
0x00007fff6ad7b000 	/usr/lib/system/libsystem_info.dylib
0x00007fff6adf6000 	/usr/lib/system/libsystem_m.dylib
0x00007fff6ae3e000 	/usr/lib/system/libsystem_malloc.dylib
0x00007fff6ae66000 	/usr/lib/system/libsystem_networkextension.dylib
0x00007fff6ae74000 	/usr/lib/system/libsystem_notify.dylib
0x00007fff6ae92000 	/usr/lib/system/libsystem_sandbox.dylib
0x00007fff6ae97000 	/usr/lib/system/libsystem_secinit.dylib
0x00007fff6adc9000 	/usr/lib/system/libsystem_kernel.dylib
0x00007fff6ae7e000 	/usr/lib/system/libsystem_platform.dylib
0x00007fff6ae87000 	/usr/lib/system/libsystem_pthread.dylib
0x00007fff6ae9a000 	/usr/lib/system/libsystem_symptoms.dylib
0x00007fff6aea2000 	/usr/lib/system/libsystem_trace.dylib
0x00007fff6aeba000 	/usr/lib/system/libunwind.dylib
0x00007fff6aec0000 	/usr/lib/system/libxpc.dylib
0x00007fff67fa7000 	/usr/lib/libc++abi.dylib
0x00007fff68dab000 	/usr/lib/liblzma.5.dylib
0x00007fff68a26000 	/usr/lib/libfakelink.dylib
0x00007fff67d60000 	/usr/lib/libarchive.2.dylib
0x00007fff3e79c000 	/System/Library/Frameworks/SystemConfiguration.framework/Versions/A/SystemConfiguration
0x00007fff676cb000 	/usr/lib/libCRFSuite.dylib
0x00007fff2f615000 	/System/Library/Frameworks/CFNetwork.framework/Versions/A/CFNetwork
0x00007fff67f36000 	/usr/lib/libbsm.0.dylib
0x00007fff6aca6000 	/usr/lib/system/libkxld.dylib
0x00007fff44535000 	/System/Library/PrivateFrameworks/AppleFSCompression.framework/Versions/A/AppleFSCompression
0x00007fff682c1000 	/usr/lib/libcoretls.dylib
0x00007fff682d8000 	/usr/lib/libcoretls_cfhelpers.dylib
0x00007fff69b14000 	/usr/lib/libpam.2.dylib
0x00007fff69c49000 	/usr/lib/libsqlite3.dylib
0x00007fff6a088000 	/usr/lib/libxar.1.dylib
0x00007fff67f47000 	/usr/lib/libbz2.1.0.dylib
0x00007fff68a47000 	/usr/lib/libiconv.2.dylib
0x00007fff67fbd000 	/usr/lib/libcharset.1.dylib
0x00007fff695b1000 	/usr/lib/libnetwork.dylib
0x00007fff69b1b000 	/usr/lib/libpcap.A.dylib
0x00007fff67d15000 	/usr/lib/libapple_nghttp2.dylib
0x00007fff32541000 	/System/Library/Frameworks/CoreServices.framework/Versions/A/Frameworks/FSEvents.framework/Versions/A/FSEvents
0x00007fff32211000 	/System/Library/Frameworks/CoreServices.framework/Versions/A/Frameworks/CarbonCore.framework/Versions/A/CarbonCore
0x00007fff32785000 	/System/Library/Frameworks/CoreServices.framework/Versions/A/Frameworks/Metadata.framework/Versions/A/Metadata
0x00007fff3281e000 	/System/Library/Frameworks/CoreServices.framework/Versions/A/Frameworks/OSServices.framework/Versions/A/OSServices
0x00007fff3284c000 	/System/Library/Frameworks/CoreServices.framework/Versions/A/Frameworks/SearchKit.framework/Versions/A/SearchKit
0x00007fff3218b000 	/System/Library/Frameworks/CoreServices.framework/Versions/A/Frameworks/AE.framework/Versions/A/AE
0x00007fff3254a000 	/System/Library/Frameworks/CoreServices.framework/Versions/A/Frameworks/LaunchServices.framework/Versions/A/LaunchServices
0x00007fff324f3000 	/System/Library/Frameworks/CoreServices.framework/Versions/A/Frameworks/DictionaryServices.framework/Versions/A/DictionaryServices
0x00007fff328b4000 	/System/Library/Frameworks/CoreServices.framework/Versions/A/Frameworks/SharedFileList.framework/Versions/A/SharedFileList
0x00007fff3773b000 	/System/Library/Frameworks/NetFS.framework/Versions/A/NetFS
0x00007fff58244000 	/System/Library/PrivateFrameworks/NetAuth.framework/Versions/A/NetAuth
0x00007fff64bab000 	/System/Library/PrivateFrameworks/login.framework/Versions/A/Frameworks/loginsupport.framework/Versions/A/loginsupport
0x00007fff614c9000 	/System/Library/PrivateFrameworks/TCC.framework/Versions/A/TCC
0x00007fff4915a000 	/System/Library/PrivateFrameworks/CoreNLP.framework/Versions/A/CoreNLP
0x00007fff57741000 	/System/Library/PrivateFrameworks/MetadataUtilities.framework/Versions/A/MetadataUtilities
0x00007fff68e83000 	/usr/lib/libmecabra.dylib
0x00007fff68ddb000 	/usr/lib/libmecab.dylib
0x00007fff68a37000 	/usr/lib/libgermantok.dylib
0x00007fff67cfc000 	/usr/lib/libThaiTokenizer.dylib
0x00007fff67702000 	/usr/lib/libChineseTokenizer.dylib
0x00007fff2ca46000 	/System/Library/Frameworks/Accelerate.framework/Versions/A/Frameworks/vImage.framework/Versions/A/vImage
0x00007fff2deb0000 	/System/Library/Frameworks/Accelerate.framework/Versions/A/Frameworks/vecLib.framework/Versions/A/vecLib
0x00007fff2dded000 	/System/Library/Frameworks/Accelerate.framework/Versions/A/Frameworks/vecLib.framework/Versions/A/libvMisc.dylib
0x00007fff2dc15000 	/System/Library/Frameworks/Accelerate.framework/Versions/A/Frameworks/vecLib.framework/Versions/A/libvDSP.dylib
0x00007fff2d09d000 	/System/Library/Frameworks/Accelerate.framework/Versions/A/Frameworks/vecLib.framework/Versions/A/libBLAS.dylib
0x00007fff2d7d9000 	/System/Library/Frameworks/Accelerate.framework/Versions/A/Frameworks/vecLib.framework/Versions/A/libLAPACK.dylib
0x00007fff2db75000 	/System/Library/Frameworks/Accelerate.framework/Versions/A/Frameworks/vecLib.framework/Versions/A/libLinearAlgebra.dylib
0x00007fff2dc02000 	/System/Library/Frameworks/Accelerate.framework/Versions/A/Frameworks/vecLib.framework/Versions/A/libSparseBLAS.dylib
0x00007fff2db8b000 	/System/Library/Frameworks/Accelerate.framework/Versions/A/Frameworks/vecLib.framework/Versions/A/libQuadrature.dylib
0x00007fff2d305000 	/System/Library/Frameworks/Accelerate.framework/Versions/A/Frameworks/vecLib.framework/Versions/A/libBNNS.dylib
0x00007fff2db91000 	/System/Library/Frameworks/Accelerate.framework/Versions/A/Frameworks/vecLib.framework/Versions/A/libSparse.dylib
0x00007fff562b7000 	/System/Library/PrivateFrameworks/LanguageModeling.framework/Versions/A/LanguageModeling
0x00007fff48b0a000 	/System/Library/PrivateFrameworks/CoreEmoji.framework/Versions/A/CoreEmoji
0x00007fff563d5000 	/System/Library/PrivateFrameworks/LinguisticData.framework/Versions/A/LinguisticData
0x00007fff56386000 	/System/Library/PrivateFrameworks/Lexicon.framework/Versions/A/Lexicon
0x00007fff67fbe000 	/usr/lib/libcmph.dylib
0x00007fff3a329000 	/System/Library/Frameworks/OpenDirectory.framework/Versions/A/Frameworks/CFOpenDirectory.framework/Versions/A/CFOpenDirectory
0x00007fff3a346000 	/System/Library/Frameworks/OpenDirectory.framework/Versions/A/OpenDirectory
0x00007fff4276b000 	/System/Library/PrivateFrameworks/APFS.framework/Versions/A/APFS
0x00007fff3da35000 	/System/Library/Frameworks/SecurityFoundation.framework/Versions/A/SecurityFoundation
0x00007fff6a084000 	/usr/lib/libutil.dylib
0x00007fff4a03f000 	/System/Library/PrivateFrameworks/CoreServicesStore.framework/Versions/A/CoreServicesStore
0x00007fff3daec000 	/System/Library/Frameworks/ServiceManagement.framework/Versions/A/ServiceManagement
0x00007fff45d04000 	/System/Library/PrivateFrameworks/BackgroundTaskManagement.framework/Versions/A/BackgroundTaskManagement
0x00007fff6a181000 	/usr/lib/libxslt.1.dylib
0x00007fff44ba8000 	/System/Library/PrivateFrameworks/AppleSystemInfo.framework/Versions/A/AppleSystemInfo
0x00007fff33ee7000 	/System/Library/Frameworks/ImageIO.framework/Versions/A/Resources/libJPEG.dylib
0x00007fff341a3000 	/System/Library/Frameworks/ImageIO.framework/Versions/A/Resources/libTIFF.dylib
0x00007fff34186000 	/System/Library/Frameworks/ImageIO.framework/Versions/A/Resources/libPng.dylib
0x00007fff33e29000 	/System/Library/Frameworks/ImageIO.framework/Versions/A/Resources/libGIF.dylib
0x00007fff33e2d000 	/System/Library/Frameworks/ImageIO.framework/Versions/A/Resources/libJP2.dylib
0x00007fff341a1000 	/System/Library/Frameworks/ImageIO.framework/Versions/A/Resources/libRadiance.dylib
0x00007fff68a00000 	/usr/lib/libexpat.1.dylib
0x00007fff44690000 	/System/Library/PrivateFrameworks/AppleJPEG.framework/Versions/A/AppleJPEG
0x00007fff4d328000 	/System/Library/PrivateFrameworks/FontServices.framework/libFontParser.dylib
0x00007fff63bb0000 	/System/Library/PrivateFrameworks/WatchdogClient.framework/Versions/A/WatchdogClient
0x00007fff55912000 	/System/Library/PrivateFrameworks/IOAccelerator.framework/Versions/A/IOAccelerator
0x00007fff366b3000 	/System/Library/Frameworks/MetalPerformanceShaders.framework/Versions/A/MetalPerformanceShaders
0x00007fff520a9000 	/System/Library/PrivateFrameworks/GPUWrangler.framework/Versions/A/GPUWrangler
0x00007fff55927000 	/System/Library/PrivateFrameworks/IOPresentment.framework/Versions/A/IOPresentment
0x00007fff4abbc000 	/System/Library/PrivateFrameworks/DSExternalDisplay.framework/Versions/A/DSExternalDisplay
0x00007fff3acba000 	/System/Library/Frameworks/OpenGL.framework/Versions/A/Libraries/libCoreFSCache.dylib
0x00007fff363ff000 	/System/Library/Frameworks/MetalPerformanceShaders.framework/Frameworks/MPSCore.framework/Versions/A/MPSCore
0x00007fff3643d000 	/System/Library/Frameworks/MetalPerformanceShaders.framework/Frameworks/MPSImage.framework/Versions/A/MPSImage
0x00007fff36504000 	/System/Library/Frameworks/MetalPerformanceShaders.framework/Frameworks/MPSNeuralNetwork.framework/Versions/A/MPSNeuralNetwork
0x00007fff364c8000 	/System/Library/Frameworks/MetalPerformanceShaders.framework/Frameworks/MPSMatrix.framework/Versions/A/MPSMatrix
0x00007fff36663000 	/System/Library/Frameworks/MetalPerformanceShaders.framework/Frameworks/MPSRayIntersector.framework/Versions/A/MPSRayIntersector
0x00007fff364ee000 	/System/Library/Frameworks/MetalPerformanceShaders.framework/Frameworks/MPSNDArray.framework/Versions/A/MPSNDArray
0x00007fff5778e000 	/System/Library/PrivateFrameworks/MetalTools.framework/Versions/A/MetalTools
0x00007fff43940000 	/System/Library/PrivateFrameworks/AggregateDictionary.framework/Versions/A/AggregateDictionary
0x00007fff48554000 	/System/Library/PrivateFrameworks/CoreAnalytics.framework/Versions/A/CoreAnalytics
0x00007fff44ac7000 	/System/Library/PrivateFrameworks/AppleSauce.framework/Versions/A/AppleSauce
0x00007fff679be000 	/usr/lib/libIOReport.dylib
0x00007fff32db5000 	/System/Library/Frameworks/CoreVideo.framework/Versions/A/CoreVideo
0x00007fff53523000 	/System/Library/PrivateFrameworks/GraphVisualizer.framework/Versions/A/GraphVisualizer
0x00007fff4c86f000 	/System/Library/PrivateFrameworks/FaceCore.framework/Versions/A/FaceCore
0x00007fff3a2d0000 	/System/Library/Frameworks/OpenCL.framework/Versions/A/OpenCL
0x00007fff677e0000 	/usr/lib/libFosl_dynamic.dylib
0x00007fff58c64000 	/System/Library/PrivateFrameworks/OTSVG.framework/Versions/A/OTSVG
0x00007fff2ef6f000 	/System/Library/Frameworks/ApplicationServices.framework/Versions/A/Frameworks/ATS.framework/Versions/A/Resources/libFontRegistry.dylib
0x00007fff4d4fa000 	/System/Library/PrivateFrameworks/FontServices.framework/libhvf.dylib
0x00007fff3acc5000 	/System/Library/Frameworks/OpenGL.framework/Versions/A/Libraries/libGFXShared.dylib
0x00007fff3aea3000 	/System/Library/Frameworks/OpenGL.framework/Versions/A/Libraries/libGLU.dylib
0x00007fff3acce000 	/System/Library/Frameworks/OpenGL.framework/Versions/A/Libraries/libGL.dylib
0x00007fff3acd9000 	/System/Library/Frameworks/OpenGL.framework/Versions/A/Libraries/libGLImage.dylib
0x00007fff3acb7000 	/System/Library/Frameworks/OpenGL.framework/Versions/A/Libraries/libCVMSPluginSupport.dylib
0x00007fff3acc0000 	/System/Library/Frameworks/OpenGL.framework/Versions/A/Libraries/libCoreVMClient.dylib
0x00007fff69452000 	/usr/lib/libncurses.5.4.dylib
0x00007fff2ee6b000 	/System/Library/Frameworks/ApplicationServices.framework/Versions/A/Frameworks/ATS.framework/Versions/A/ATS
0x00007fff2f038000 	/System/Library/Frameworks/ApplicationServices.framework/Versions/A/Frameworks/ColorSyncLegacy.framework/Versions/A/ColorSyncLegacy
0x00007fff2f0d6000 	/System/Library/Frameworks/ApplicationServices.framework/Versions/A/Frameworks/HIServices.framework/Versions/A/HIServices
0x00007fff2f12e000 	/System/Library/Frameworks/ApplicationServices.framework/Versions/A/Frameworks/LangAnalysis.framework/Versions/A/LangAnalysis
0x00007fff2f13d000 	/System/Library/Frameworks/ApplicationServices.framework/Versions/A/Frameworks/PrintCore.framework/Versions/A/PrintCore
0x00007fff2f183000 	/System/Library/Frameworks/ApplicationServices.framework/Versions/A/Frameworks/QD.framework/Versions/A/QD
0x00007fff2f18e000 	/System/Library/Frameworks/ApplicationServices.framework/Versions/A/Frameworks/SpeechSynthesis.framework/Versions/A/SpeechSynthesis
0x00007fff2f008000 	/System/Library/Frameworks/ApplicationServices.framework/Versions/A/Frameworks/ATSUI.framework/Versions/A/ATSUI
0x00007fff68896000 	/usr/lib/libcups.2.dylib
0x00007fff3574e000 	/System/Library/Frameworks/Kerberos.framework/Versions/A/Kerberos
0x00007fff3388f000 	/System/Library/Frameworks/GSS.framework/Versions/A/GSS
0x00007fff69bd5000 	/usr/lib/libresolv.9.dylib
0x00007fff536d0000 	/System/Library/PrivateFrameworks/Heimdal.framework/Versions/A/Heimdal
0x00007fff35761000 	/System/Library/Frameworks/Kerberos.framework/Versions/A/Libraries/libHeimdalProxy.dylib
0x00007fff68a3d000 	/usr/lib/libheimdal-asn1.dylib
0x00007fff479ef000 	/System/Library/PrivateFrameworks/CommonAuth.framework/Versions/A/CommonAuth
0x00007fff44c45000 	/System/Library/PrivateFrameworks/AssertionServices.framework/Versions/A/AssertionServices
0x00007fff457e7000 	/System/Library/PrivateFrameworks/AudioToolboxCore.framework/Versions/A/AudioToolboxCore
0x00007fff6485b000 	/System/Library/PrivateFrameworks/caulk.framework/Versions/A/caulk
0x00007fff45db0000 	/System/Library/PrivateFrameworks/BaseBoard.framework/Versions/A/BaseBoard
0x00007fff5cebb000 	/System/Library/PrivateFrameworks/RunningBoardServices.framework/Versions/A/RunningBoardServices
0x00007fff59ecf000 	/System/Library/PrivateFrameworks/PersistentConnection.framework/Versions/A/PersistentConnection
0x00007fff5c8b5000 	/System/Library/PrivateFrameworks/ProtocolBuffer.framework/Versions/A/ProtocolBuffer
0x00007fff47a13000 	/System/Library/PrivateFrameworks/CommonUtilities.framework/Versions/A/CommonUtilities
0x00007fff45f3e000 	/System/Library/PrivateFrameworks/Bom.framework/Versions/A/Bom
0x00007fff67691000 	/usr/lib/libAudioToolboxUtility.dylib
0x00007fff45d0e000 	/System/Library/PrivateFrameworks/Backup.framework/Versions/A/Backup
0x00007fff4aadd000 	/System/Library/PrivateFrameworks/CrashReporterSupport.framework/Versions/A/CrashReporterSupport
0x00007fff5e94c000 	/System/Library/PrivateFrameworks/Sharing.framework/Versions/A/Sharing
0x00007fff44253000 	/System/Library/PrivateFrameworks/Apple80211.framework/Versions/A/Apple80211
0x00007fff45a2b000 	/System/Library/PrivateFrameworks/AuthKit.framework/Versions/A/AuthKit
0x00007fff4a7ed000 	/System/Library/PrivateFrameworks/CoreUtils.framework/Versions/A/CoreUtils
0x00007fff32dfa000 	/System/Library/Frameworks/CoreWLAN.framework/Versions/A/CoreWLAN
0x00007fff33a1c000 	/System/Library/Frameworks/IOBluetooth.framework/Versions/A/IOBluetooth
0x00007fff57a93000 	/System/Library/PrivateFrameworks/MobileKeyBag.framework/Versions/A/MobileKeyBag
0x00007fff495f2000 	/System/Library/PrivateFrameworks/CorePhoneNumbers.framework/Versions/A/CorePhoneNumbers
0x00007fff44643000 	/System/Library/PrivateFrameworks/AppleIDAuthSupport.framework/Versions/A/AppleIDAuthSupport
0x00007fff37748000 	/System/Library/Frameworks/Network.framework/Versions/A/Network
0x00007fff56163000 	/System/Library/PrivateFrameworks/KeychainCircle.framework/Versions/A/KeychainCircle
0x00007fff3084e000 	/System/Library/Frameworks/CoreBluetooth.framework/Versions/A/CoreBluetooth
0x00007fff609c9000 	/System/Library/PrivateFrameworks/SpeechRecognitionCore.framework/Versions/A/SpeechRecognitionCore
0x00007fff23e6e000 	/System/Library/CoreServices/Encodings/libSimplifiedChineseConverter.dylib
0x000000010f200000 	/Library/Java/JavaVirtualMachines/jdk1.8.0_221.jdk/Contents/Home/jre/lib/server/libjvm.dylib
0x00007fff69f57000 	/usr/lib/libstdc++.6.dylib
0x000000010d3a4000 	/Library/Java/JavaVirtualMachines/jdk1.8.0_221.jdk/Contents/Home/jre/lib/libverify.dylib
0x000000010d3b2000 	/Library/Java/JavaVirtualMachines/jdk1.8.0_221.jdk/Contents/Home/jre/lib/libjava.dylib
0x000000010d3e9000 	/Library/Java/JavaVirtualMachines/jdk1.8.0_221.jdk/Contents/Home/jre/lib/libjdwp.dylib
0x000000010d434000 	/Library/Java/JavaVirtualMachines/jdk1.8.0_221.jdk/Contents/Home/jre/lib/libnpt.dylib
0x000000010d438000 	/Library/Java/JavaVirtualMachines/jdk1.8.0_221.jdk/Contents/Home/jre/lib/libinstrument.dylib
0x000000010d4a4000 	/Library/Java/JavaVirtualMachines/jdk1.8.0_221.jdk/Contents/Home/jre/lib/libzip.dylib
0x000000010de23000 	/Library/Java/JavaVirtualMachines/jdk1.8.0_221.jdk/Contents/Home/jre/lib/libdt_socket.dylib
0x000000010de30000 	/Library/Java/JavaVirtualMachines/jdk1.8.0_221.jdk/Contents/Home/jre/lib/libnet.dylib
0x000000010de47000 	/Library/Java/JavaVirtualMachines/jdk1.8.0_221.jdk/Contents/Home/jre/lib/libmanagement.dylib
0x000000010de55000 	/Library/Java/JavaVirtualMachines/jdk1.8.0_221.jdk/Contents/Home/jre/lib/libnio.dylib
0x000000012b7eb000 	/Users/jaydon/.javacpp/cache/javacpp-1.5.4-macosx-x86_64.jar/org/bytedeco/javacpp/macosx-x86_64/libjnijavacpp.dylib
0x000000012b7f7000 	/Users/jaydon/.javacpp/cache/ffmpeg-4.3.1-1.5.4-macosx-x86_64.jar/org/bytedeco/ffmpeg/macosx-x86_64/libavutil.56.dylib
0x00007fff3ea89000 	/System/Library/Frameworks/VideoToolbox.framework/Versions/A/VideoToolbox
0x00007fff31fc2000 	/System/Library/Frameworks/CoreMedia.framework/Versions/A/CoreMedia
0x00007fff44bac000 	/System/Library/PrivateFrameworks/AppleVA.framework/Versions/A/AppleVA
0x00007fff69c47000 	/usr/lib/libspindump.dylib
0x000000012ba81000 	/Users/jaydon/.javacpp/cache/ffmpeg-4.3.1-1.5.4-macosx-x86_64.jar/org/bytedeco/ffmpeg/macosx-x86_64/libjniavutil.dylib
0x000000012bd8b000 	/Users/jaydon/.javacpp/cache/ffmpeg-4.3.1-1.5.4-macosx-x86_64.jar/org/bytedeco/ffmpeg/macosx-x86_64/libswresample.3.dylib
0x000000012bdaa000 	/Users/jaydon/.javacpp/cache/ffmpeg-4.3.1-1.5.4-macosx-x86_64.jar/org/bytedeco/ffmpeg/macosx-x86_64/libjniswresample.dylib
0x000000012bdba000 	/Users/jaydon/.javacpp/cache/ffmpeg-4.3.1-1.5.4-macosx-x86_64.jar/org/bytedeco/ffmpeg/macosx-x86_64/libavcodec.58.dylib
0x000000012ece0000 	/Users/jaydon/.javacpp/cache/ffmpeg-4.3.1-1.5.4-macosx-x86_64.jar/org/bytedeco/ffmpeg/macosx-x86_64/libjniavcodec.dylib
0x000000012edbd000 	/Users/jaydon/.javacpp/cache/ffmpeg-4.3.1-1.5.4-macosx-x86_64.jar/org/bytedeco/ffmpeg/macosx-x86_64/libavformat.58.dylib
0x000000012f25c000 	/Users/jaydon/.javacpp/cache/ffmpeg-4.3.1-1.5.4-macosx-x86_64.jar/org/bytedeco/ffmpeg/macosx-x86_64/libjniavformat.dylib
0x000000012f314000 	/Users/jaydon/.javacpp/cache/ffmpeg-4.3.1-1.5.4-macosx-x86_64.jar/org/bytedeco/ffmpeg/macosx-x86_64/libswscale.5.dylib
0x000000012f3e3000 	/Users/jaydon/.javacpp/cache/ffmpeg-4.3.1-1.5.4-macosx-x86_64.jar/org/bytedeco/ffmpeg/macosx-x86_64/libjniswscale.dylib
0x000000012f3f9000 	/Users/jaydon/.javacpp/cache/ffmpeg-4.3.1-1.5.4-macosx-x86_64.jar/org/bytedeco/ffmpeg/macosx-x86_64/libpostproc.55.dylib
0x000000012f41c000 	/Users/jaydon/.javacpp/cache/ffmpeg-4.3.1-1.5.4-macosx-x86_64.jar/org/bytedeco/ffmpeg/macosx-x86_64/libjnipostproc.dylib
0x000000012f42b000 	/Users/jaydon/.javacpp/cache/ffmpeg-4.3.1-1.5.4-macosx-x86_64.jar/org/bytedeco/ffmpeg/macosx-x86_64/libavfilter.7.dylib
0x000000012f814000 	/Users/jaydon/.javacpp/cache/ffmpeg-4.3.1-1.5.4-macosx-x86_64.jar/org/bytedeco/ffmpeg/macosx-x86_64/libjniavfilter.dylib
0x000000012f855000 	/Users/jaydon/.javacpp/cache/ffmpeg-4.3.1-1.5.4-macosx-x86_64.jar/org/bytedeco/ffmpeg/macosx-x86_64/libavdevice.58.dylib
0x00007fff2c646000 	/System/Library/Frameworks/AVFoundation.framework/Versions/A/AVFoundation
0x00007fff2c842000 	/System/Library/Frameworks/AVFoundation.framework/Versions/A/Frameworks/AVFAudio.framework/Versions/A/AVFAudio
0x00007fff56ede000 	/System/Library/PrivateFrameworks/MediaExperience.framework/Versions/A/MediaExperience
0x00007fff35bc9000 	/System/Library/Frameworks/MediaToolbox.framework/Versions/A/MediaToolbox
0x00007fff3209e000 	/System/Library/Frameworks/CoreMediaIO.framework/Versions/A/CoreMediaIO
0x00007fff67684000 	/usr/lib/libAudioStatistics.dylib
0x00007fff64bf3000 	/System/Library/PrivateFrameworks/perfdata.framework/Versions/A/perfdata
0x00007fff69b91000 	/usr/lib/libperfcheck.dylib
0x00007fff67b7c000 	/usr/lib/libSMC.dylib
0x00007fff45196000 	/System/Library/PrivateFrameworks/AudioResourceArbitration.framework/Versions/A/AudioResourceArbitration
0x00007fff48504000 	/System/Library/PrivateFrameworks/CoreAVCHD.framework/Versions/A/CoreAVCHD
0x00007fff35af3000 	/System/Library/Frameworks/MediaAccessibility.framework/Versions/A/MediaAccessibility
0x00007fff56c72000 	/System/Library/PrivateFrameworks/Mangrove.framework/Versions/A/Mangrove
0x00007fff4812e000 	/System/Library/PrivateFrameworks/CoreAUC.framework/Versions/A/CoreAUC
0x000000012f865000 	/Users/jaydon/.javacpp/cache/ffmpeg-4.3.1-1.5.4-macosx-x86_64.jar/org/bytedeco/ffmpeg/macosx-x86_64/libjniavdevice.dylib
0x00007fff6a029000 	/usr/lib/libusrtcp.dylib

VM Arguments:
jvm_args: -agentlib:jdwp=transport=dt_socket,address=127.0.0.1:59143,suspend=y,server=n -XX:TieredStopAtLevel=1 -Xverify:none -Dspring.output.ansi.enabled=always -Dcom.sun.management.jmxremote -Dspring.jmx.enabled=true -Dspring.liveBeansView.mbeanDomain -Dspring.application.admin.enabled=true -Dmanagement.endpoints.jmx.exposure.include=* -javaagent:/Users/jaydon/Library/Caches/JetBrains/IntelliJIdea2024.1/captureAgent/debugger-agent.jar -Dfile.encoding=UTF-8 
java_command: com.zj.EasyMediaApplication
java_class_path (initial): /Library/Java/JavaVirtualMachines/jdk1.8.0_221.jdk/Contents/Home/jre/lib/charsets.jar:/Library/Java/JavaVirtualMachines/jdk1.8.0_221.jdk/Contents/Home/jre/lib/deploy.jar:/Library/Java/JavaVirtualMachines/jdk1.8.0_221.jdk/Contents/Home/jre/lib/ext/cldrdata.jar:/Library/Java/JavaVirtualMachines/jdk1.8.0_221.jdk/Contents/Home/jre/lib/ext/dnsns.jar:/Library/Java/JavaVirtualMachines/jdk1.8.0_221.jdk/Contents/Home/jre/lib/ext/jaccess.jar:/Library/Java/JavaVirtualMachines/jdk1.8.0_221.jdk/Contents/Home/jre/lib/ext/jfxrt.jar:/Library/Java/JavaVirtualMachines/jdk1.8.0_221.jdk/Contents/Home/jre/lib/ext/localedata.jar:/Library/Java/JavaVirtualMachines/jdk1.8.0_221.jdk/Contents/Home/jre/lib/ext/nashorn.jar:/Library/Java/JavaVirtualMachines/jdk1.8.0_221.jdk/Contents/Home/jre/lib/ext/sunec.jar:/Library/Java/JavaVirtualMachines/jdk1.8.0_221.jdk/Contents/Home/jre/lib/ext/sunjce_provider.jar:/Library/Java/JavaVirtualMachines/jdk1.8.0_221.jdk/Contents/Home/jre/lib/ext/sunpkcs11.jar:/Library/Java/JavaVirtualMachines/jdk1.8.0_221.jdk/Contents/Home/jre/lib/ext/zipfs.jar:/Library/Java/JavaVirtualMachines/jdk1.8.0_221.jdk/Contents/Home/jre/lib/javaws.jar:/Library/Java/JavaVirtualMachines/jdk1.8.0_221.jdk/Contents/Home/jre/lib/jce.jar:/Library/Java/JavaVirtualMachines/jdk1.8.0_221.jdk/Contents/Home/jre/lib/jfr.jar:/Library/Java/JavaVirtualMachines/jdk1.8.0_221.jdk/Contents/Home/jre/lib/jfxswt.jar:/Library/Java/JavaVirtualMachines/jdk1.8.0_221.jdk/Contents/Home/jre/lib/jsse.jar:/Library/Java/JavaVirtualMachines/jdk1.8.0_221.jdk/Contents/Home/jre/lib/management-agent.jar:/Library/Java/JavaVirtualMachines/jdk1.8.0_221.jdk/Contents/Home/jre/lib/plugin.jar:/Library/Java/JavaVirtualMachines/jdk1.8.0_221.jdk/Contents/Home/jre/lib/resources.jar:/Library/Java/JavaVirtualMachines/jdk1.8.0_221.jdk/Contents/Home/jre/lib/rt.jar:/Library/Java/JavaVirtualMachines/jdk1.8.0_221.jdk/Contents/Home/lib/ant-javafx.jar:/Library/Java/JavaVirtualMachines/jdk1.8.0_221.jdk/Contents/Home
Launcher Type: SUN_STANDARD

Environment Variables:
PATH=/usr/local/bin:/usr/local/sbin:/usr/local/bin:/usr/bin:/bin:/usr/sbin:/sbin:/Applications/work/Environmental/apache-maven-3.6.1/bin:/Applications/work/Environmental/gradle-5.6.2/bin
SHELL=/bin/bash

Signal Handlers:
SIGSEGV: [libjvm.dylib+0x5b71a7], sa_mask[0]=11111111011111110111111111111111, sa_flags=SA_ONSTACK|SA_RESTART|SA_SIGINFO
SIGBUS: [libjvm.dylib+0x5b71a7], sa_mask[0]=11111111011111110111111111111111, sa_flags=SA_RESTART|SA_SIGINFO
SIGFPE: [libjvm.dylib+0x48c8fc], sa_mask[0]=11111111011111110111111111111111, sa_flags=SA_RESTART|SA_SIGINFO
SIGPIPE: [libjvm.dylib+0x48c8fc], sa_mask[0]=11111111011111110111111111111111, sa_flags=SA_RESTART|SA_SIGINFO
SIGXFSZ: [libjvm.dylib+0x48c8fc], sa_mask[0]=11111111011111110111111111111111, sa_flags=SA_RESTART|SA_SIGINFO
SIGILL: [libjvm.dylib+0x48c8fc], sa_mask[0]=11111111011111110111111111111111, sa_flags=SA_RESTART|SA_SIGINFO
SIGUSR1: SIG_DFL, sa_mask[0]=00000000000000000000000000000000, sa_flags=none
SIGUSR2: [libjvm.dylib+0x48c41a], sa_mask[0]=00100000000000000000000000000000, sa_flags=SA_RESTART|SA_SIGINFO
SIGHUP: [libjvm.dylib+0x48a9a5], sa_mask[0]=11111111011111110111111111111111, sa_flags=SA_RESTART|SA_SIGINFO
SIGINT: [libjvm.dylib+0x48a9a5], sa_mask[0]=11111111011111110111111111111111, sa_flags=SA_RESTART|SA_SIGINFO
SIGTERM: [libjvm.dylib+0x48a9a5], sa_mask[0]=11111111011111110111111111111111, sa_flags=SA_RESTART|SA_SIGINFO
SIGQUIT: [libjvm.dylib+0x48a9a5], sa_mask[0]=11111111011111110111111111111111, sa_flags=SA_RESTART|SA_SIGINFO


---------------  S Y S T E M  ---------------

OS:Bsduname:Darwin 19.5.0 Darwin Kernel Version 19.5.0: Tue May 26 20:41:44 PDT 2020; root:xnu-6153.121.2~2/RELEASE_X86_64 x86_64
rlimit: STACK 8192k, CORE 0k, NPROC 2784, NOFILE 10240, AS infinity
load average:2.80 2.79 2.49

CPU:total 8 (initial active 8) (4 cores per cpu, 2 threads per core) family 6 model 142 stepping 10, cmov, cx8, fxsr, mmx, sse, sse2, sse3, ssse3, sse4.1, sse4.2, popcnt, avx, avx2, aes, clmul, erms, 3dnowpref, lzcnt, ht, tsc, tscinvbit, bmi1, bmi2, adx

Memory: 4k page, physical 16777216k(249068k free)

/proc/meminfo:


vm_info: Java HotSpot(TM) 64-Bit Server VM (25.221-b11) for bsd-amd64 JRE (1.8.0_221-b11), built on Jul  4 2019 04:36:22 by "java_re" with gcc 4.2.1 (Based on Apple Inc. build 5658) (LLVM build 2336.11.00)

time: Wed Apr  9 10:46:24 2025
timezone: CST
elapsed time: 64 seconds (0d 0h 1m 4s)

